Starting a Gradle Daemon (subsequent builds will be faster)
Exception in thread "DisconnectableInputStream source reader" org.gradle.api.UncheckedIOException: java.io.IOException: Bad file descriptor
	at org.gradle.internal.UncheckedException.throwAsUncheckedException(UncheckedException.java:61)
	at org.gradle.internal.UncheckedException.throwAsUncheckedException(UncheckedException.java:41)
	at org.gradle.util.internal.DisconnectableInputStream$1.run(DisconnectableInputStream.java:127)
	at java.base/java.lang.Thread.run(Thread.java:829)
Caused by: java.io.IOException: Bad file descriptor
	at java.base/java.io.FileInputStream.readBytes(Native Method)
	at java.base/java.io.FileInputStream.read(FileInputStream.java:279)
	at java.base/java.io.BufferedInputStream.read1(BufferedInputStream.java:290)
	at java.base/java.io.BufferedInputStream.read(BufferedInputStream.java:351)
	at org.gradle.util.internal.DisconnectableInputStream$1.run(DisconnectableInputStream.java:98)
	... 1 more
> Task :compileJava
> Task :processResources UP-TO-DATE
> Task :classes

> Task :run
Warning: Nashorn engine is planned to be removed from a future JDK release
Mar 02, 2022 12:27:04 PM com.orientechnologies.common.log.OLogManager log
INFO: Detected limit of amount of simultaneously open files is 1048576,  limit of open files for disk cache will be set to 523776
[Unary] Calculating Timestep: 0
[Unary] Calculating class metrics.unary.NumberOfEQClasses
[Unary] Calculating class metrics.unary.AvgSizeOfEQClass
[Unary] Calculating class metrics.unary.AvgNumberOfEdges
EDGE SET IN AVG EDGE: 0
[Unary] Calculating class metrics.unary.Comp
[Unary] Calculating TMH
[Unary] Calculating Timestep: 1
[Unary] Calculating class metrics.unary.NumberOfEQClasses
[Unary] Calculating class metrics.unary.AvgSizeOfEQClass
[Unary] Calculating class metrics.unary.AvgNumberOfEdges
EDGE SET IN AVG EDGE: 0
[Unary] Calculating class metrics.unary.Comp
[Unary] Calculating TMH
[Unary] Calculating Timestep: 2
[Unary] Calculating class metrics.unary.NumberOfEQClasses
[Unary] Calculating class metrics.unary.AvgSizeOfEQClass
[Unary] Calculating class metrics.unary.AvgNumberOfEdges
EDGE SET IN AVG EDGE: 0
[Unary] Calculating class metrics.unary.Comp
[Unary] Calculating TMH
[Unary] Calculating Timestep: 3
[Unary] Calculating class metrics.unary.NumberOfEQClasses
[Unary] Calculating class metrics.unary.AvgSizeOfEQClass
[Unary] Calculating class metrics.unary.AvgNumberOfEdges
EDGE SET IN AVG EDGE: 96115
[Unary] Calculating class metrics.unary.Comp
[Unary] Calculating TMH
[Unary] Calculating Timestep: 4
[Unary] Calculating class metrics.unary.NumberOfEQClasses
[Unary] Calculating class metrics.unary.AvgSizeOfEQClass
[Unary] Calculating class metrics.unary.AvgNumberOfEdges
EDGE SET IN AVG EDGE: 86820
[Unary] Calculating class metrics.unary.Comp
[Unary] Calculating TMH
[Unary] Calculating Timestep: 5
[Unary] Calculating class metrics.unary.NumberOfEQClasses
[Unary] Calculating class metrics.unary.AvgSizeOfEQClass
[Unary] Calculating class metrics.unary.AvgNumberOfEdges
EDGE SET IN AVG EDGE: 72128
[Unary] Calculating class metrics.unary.Comp
[Unary] Calculating TMH
[Unary] Calculating Timestep: 6
[Unary] Calculating class metrics.unary.NumberOfEQClasses
[Unary] Calculating class metrics.unary.AvgSizeOfEQClass
[Unary] Calculating class metrics.unary.AvgNumberOfEdges
EDGE SET IN AVG EDGE: 71034
[Unary] Calculating class metrics.unary.Comp
[Unary] Calculating TMH
[Unary] Calculating Timestep: 7
[Unary] Calculating class metrics.unary.NumberOfEQClasses
[Unary] Calculating class metrics.unary.AvgSizeOfEQClass
[Unary] Calculating class metrics.unary.AvgNumberOfEdges
EDGE SET IN AVG EDGE: 81009
[Unary] Calculating class metrics.unary.Comp
[Unary] Calculating TMH
[Unary] Calculating Timestep: 8
[Unary] Calculating class metrics.unary.NumberOfEQClasses
[Unary] Calculating class metrics.unary.AvgSizeOfEQClass
[Unary] Calculating class metrics.unary.AvgNumberOfEdges
EDGE SET IN AVG EDGE: 73049
[Unary] Calculating class metrics.unary.Comp
[Unary] Calculating TMH
[Unary] Calculating Timestep: 9
[Unary] Calculating class metrics.unary.NumberOfEQClasses
[Unary] Calculating class metrics.unary.AvgSizeOfEQClass
[Unary] Calculating class metrics.unary.AvgNumberOfEdges
EDGE SET IN AVG EDGE: 67168
[Unary] Calculating class metrics.unary.Comp
[Unary] Calculating TMH
[Unary] Calculating Timestep: 10
[Unary] Calculating class metrics.unary.NumberOfEQClasses
[Unary] Calculating class metrics.unary.AvgSizeOfEQClass
[Unary] Calculating class metrics.unary.AvgNumberOfEdges
EDGE SET IN AVG EDGE: 73003
[Unary] Calculating class metrics.unary.Comp
[Unary] Calculating TMH
[Unary] Calculating Timestep: 11
[Unary] Calculating class metrics.unary.NumberOfEQClasses
[Unary] Calculating class metrics.unary.AvgSizeOfEQClass
[Unary] Calculating class metrics.unary.AvgNumberOfEdges
EDGE SET IN AVG EDGE: 73536
[Unary] Calculating class metrics.unary.Comp
[Unary] Calculating TMH
[Unary] Calculating Timestep: 12
[Unary] Calculating class metrics.unary.NumberOfEQClasses
[Unary] Calculating class metrics.unary.AvgSizeOfEQClass
[Unary] Calculating class metrics.unary.AvgNumberOfEdges
EDGE SET IN AVG EDGE: 74063
[Unary] Calculating class metrics.unary.Comp
[Unary] Calculating TMH
[Unary] Calculating Timestep: 13
[Unary] Calculating class metrics.unary.NumberOfEQClasses
[Unary] Calculating class metrics.unary.AvgSizeOfEQClass
[Unary] Calculating class metrics.unary.AvgNumberOfEdges
EDGE SET IN AVG EDGE: 74137
[Unary] Calculating class metrics.unary.Comp
[Unary] Calculating TMH
[Unary] Calculating Timestep: 14
[Unary] Calculating class metrics.unary.NumberOfEQClasses
[Unary] Calculating class metrics.unary.AvgSizeOfEQClass
[Unary] Calculating class metrics.unary.AvgNumberOfEdges
EDGE SET IN AVG EDGE: 70492
[Unary] Calculating class metrics.unary.Comp
[Unary] Calculating TMH
[Unary] Calculating Timestep: 15
[Unary] Calculating class metrics.unary.NumberOfEQClasses
[Unary] Calculating class metrics.unary.AvgSizeOfEQClass
[Unary] Calculating class metrics.unary.AvgNumberOfEdges
EDGE SET IN AVG EDGE: 70367
[Unary] Calculating class metrics.unary.Comp
[Unary] Calculating TMH
[Unary] Calculating Timestep: 16
[Unary] Calculating class metrics.unary.NumberOfEQClasses
[Unary] Calculating class metrics.unary.AvgSizeOfEQClass
[Unary] Calculating class metrics.unary.AvgNumberOfEdges
EDGE SET IN AVG EDGE: 68402
[Unary] Calculating class metrics.unary.Comp
[Unary] Calculating TMH
[Unary] Calculating Timestep: 17
[Unary] Calculating class metrics.unary.NumberOfEQClasses
[Unary] Calculating class metrics.unary.AvgSizeOfEQClass
[Unary] Calculating class metrics.unary.AvgNumberOfEdges
EDGE SET IN AVG EDGE: 71004
[Unary] Calculating class metrics.unary.Comp
[Unary] Calculating TMH
[Unary] Calculating Timestep: 18
[Unary] Calculating class metrics.unary.NumberOfEQClasses
[Unary] Calculating class metrics.unary.AvgSizeOfEQClass
[Unary] Calculating class metrics.unary.AvgNumberOfEdges
EDGE SET IN AVG EDGE: 66304
[Unary] Calculating class metrics.unary.Comp
[Unary] Calculating TMH
[Unary] Calculating Timestep: 19
[Unary] Calculating class metrics.unary.NumberOfEQClasses
[Unary] Calculating class metrics.unary.AvgSizeOfEQClass
[Unary] Calculating class metrics.unary.AvgNumberOfEdges
EDGE SET IN AVG EDGE: 84960
[Unary] Calculating class metrics.unary.Comp
[Unary] Calculating TMH
[Unary] Calculating Timestep: 20
[Unary] Calculating class metrics.unary.NumberOfEQClasses
[Unary] Calculating class metrics.unary.AvgSizeOfEQClass
[Unary] Calculating class metrics.unary.AvgNumberOfEdges
EDGE SET IN AVG EDGE: 84621
[Unary] Calculating class metrics.unary.Comp
[Unary] Calculating TMH
[Unary] Calculating Timestep: 21
[Unary] Calculating class metrics.unary.NumberOfEQClasses
[Unary] Calculating class metrics.unary.AvgSizeOfEQClass
[Unary] Calculating class metrics.unary.AvgNumberOfEdges
EDGE SET IN AVG EDGE: 87035
[Unary] Calculating class metrics.unary.Comp
[Unary] Calculating TMH
[Unary] Calculating Timestep: 22
[Unary] Calculating class metrics.unary.NumberOfEQClasses
[Unary] Calculating class metrics.unary.AvgSizeOfEQClass
[Unary] Calculating class metrics.unary.AvgNumberOfEdges
EDGE SET IN AVG EDGE: 80269
[Unary] Calculating class metrics.unary.Comp
[Unary] Calculating TMH
[Unary] Calculating Timestep: 23
[Unary] Calculating class metrics.unary.NumberOfEQClasses
[Unary] Calculating class metrics.unary.AvgSizeOfEQClass
[Unary] Calculating class metrics.unary.AvgNumberOfEdges
EDGE SET IN AVG EDGE: 75592
[Unary] Calculating class metrics.unary.Comp
[Unary] Calculating TMH
[Unary] Calculating Timestep: 24
[Unary] Calculating class metrics.unary.NumberOfEQClasses
[Unary] Calculating class metrics.unary.AvgSizeOfEQClass
[Unary] Calculating class metrics.unary.AvgNumberOfEdges
EDGE SET IN AVG EDGE: 98219
[Unary] Calculating class metrics.unary.Comp
[Unary] Calculating TMH
[Unary] Calculating Timestep: 25
[Unary] Calculating class metrics.unary.NumberOfEQClasses
[Unary] Calculating class metrics.unary.AvgSizeOfEQClass
[Unary] Calculating class metrics.unary.AvgNumberOfEdges
EDGE SET IN AVG EDGE: 79224
[Unary] Calculating class metrics.unary.Comp
[Unary] Calculating TMH
[Unary] Calculating Timestep: 26
[Unary] Calculating class metrics.unary.NumberOfEQClasses
[Unary] Calculating class metrics.unary.AvgSizeOfEQClass
[Unary] Calculating class metrics.unary.AvgNumberOfEdges
EDGE SET IN AVG EDGE: 89156
[Unary] Calculating class metrics.unary.Comp
[Unary] Calculating TMH
[Unary] Calculating Timestep: 27
[Unary] Calculating class metrics.unary.NumberOfEQClasses
[Unary] Calculating class metrics.unary.AvgSizeOfEQClass
[Unary] Calculating class metrics.unary.AvgNumberOfEdges
EDGE SET IN AVG EDGE: 80466
[Unary] Calculating class metrics.unary.Comp
[Unary] Calculating TMH
[Unary] Calculating Timestep: 28
[Unary] Calculating class metrics.unary.NumberOfEQClasses
[Unary] Calculating class metrics.unary.AvgSizeOfEQClass
[Unary] Calculating class metrics.unary.AvgNumberOfEdges
EDGE SET IN AVG EDGE: 86190
[Unary] Calculating class metrics.unary.Comp
[Unary] Calculating TMH
[Unary] Calculating Timestep: 29
[Unary] Calculating class metrics.unary.NumberOfEQClasses
[Unary] Calculating class metrics.unary.AvgSizeOfEQClass
[Unary] Calculating class metrics.unary.AvgNumberOfEdges
EDGE SET IN AVG EDGE: 84621
[Unary] Calculating class metrics.unary.Comp
[Unary] Calculating TMH
[Unary] Calculating Timestep: 30
[Unary] Calculating class metrics.unary.NumberOfEQClasses
[Unary] Calculating class metrics.unary.AvgSizeOfEQClass
[Unary] Calculating class metrics.unary.AvgNumberOfEdges
EDGE SET IN AVG EDGE: 82167
[Unary] Calculating class metrics.unary.Comp
[Unary] Calculating TMH
[Unary] Calculating Timestep: 31
[Unary] Calculating class metrics.unary.NumberOfEQClasses
[Unary] Calculating class metrics.unary.AvgSizeOfEQClass
[Unary] Calculating class metrics.unary.AvgNumberOfEdges
EDGE SET IN AVG EDGE: 78697
[Unary] Calculating class metrics.unary.Comp
[Unary] Calculating TMH
[Unary] Calculating Timestep: 32
[Unary] Calculating class metrics.unary.NumberOfEQClasses
[Unary] Calculating class metrics.unary.AvgSizeOfEQClass
[Unary] Calculating class metrics.unary.AvgNumberOfEdges
EDGE SET IN AVG EDGE: 80821
[Unary] Calculating class metrics.unary.Comp
[Unary] Calculating TMH
[Unary] Calculating Timestep: 33
[Unary] Calculating class metrics.unary.NumberOfEQClasses
[Unary] Calculating class metrics.unary.AvgSizeOfEQClass
[Unary] Calculating class metrics.unary.AvgNumberOfEdges
EDGE SET IN AVG EDGE: 79652
[Unary] Calculating class metrics.unary.Comp
[Unary] Calculating TMH
[Unary] Calculating Timestep: 34
[Unary] Calculating class metrics.unary.NumberOfEQClasses
[Unary] Calculating class metrics.unary.AvgSizeOfEQClass
[Unary] Calculating class metrics.unary.AvgNumberOfEdges
EDGE SET IN AVG EDGE: 82260
[Unary] Calculating class metrics.unary.Comp
[Unary] Calculating TMH
[Unary] Calculating Timestep: 35
[Unary] Calculating class metrics.unary.NumberOfEQClasses
[Unary] Calculating class metrics.unary.AvgSizeOfEQClass
[Unary] Calculating class metrics.unary.AvgNumberOfEdges
EDGE SET IN AVG EDGE: 86170
[Unary] Calculating class metrics.unary.Comp
[Unary] Calculating TMH
[Unary] Calculating Timestep: 36
[Unary] Calculating class metrics.unary.NumberOfEQClasses
[Unary] Calculating class metrics.unary.AvgSizeOfEQClass
[Unary] Calculating class metrics.unary.AvgNumberOfEdges
EDGE SET IN AVG EDGE: 85517
[Unary] Calculating class metrics.unary.Comp
[Unary] Calculating TMH
[Unary] Calculating Timestep: 37
[Unary] Calculating class metrics.unary.NumberOfEQClasses
[Unary] Calculating class metrics.unary.AvgSizeOfEQClass
[Unary] Calculating class metrics.unary.AvgNumberOfEdges
EDGE SET IN AVG EDGE: 78767
[Unary] Calculating class metrics.unary.Comp
[Unary] Calculating TMH
[Unary] Calculating Timestep: 38
[Unary] Calculating class metrics.unary.NumberOfEQClasses
[Unary] Calculating class metrics.unary.AvgSizeOfEQClass
[Unary] Calculating class metrics.unary.AvgNumberOfEdges
EDGE SET IN AVG EDGE: 85401
[Unary] Calculating class metrics.unary.Comp
[Unary] Calculating TMH
[Unary] Calculating Timestep: 39
[Unary] Calculating class metrics.unary.NumberOfEQClasses
[Unary] Calculating class metrics.unary.AvgSizeOfEQClass
[Unary] Calculating class metrics.unary.AvgNumberOfEdges
EDGE SET IN AVG EDGE: 79596
[Unary] Calculating class metrics.unary.Comp
[Unary] Calculating TMH
[Unary] Calculating Timestep: 40
[Unary] Calculating class metrics.unary.NumberOfEQClasses
[Unary] Calculating class metrics.unary.AvgSizeOfEQClass
[Unary] Calculating class metrics.unary.AvgNumberOfEdges
EDGE SET IN AVG EDGE: 80166
[Unary] Calculating class metrics.unary.Comp
[Unary] Calculating TMH
[Unary] Calculating Timestep: 41
[Unary] Calculating class metrics.unary.NumberOfEQClasses
[Unary] Calculating class metrics.unary.AvgSizeOfEQClass
[Unary] Calculating class metrics.unary.AvgNumberOfEdges
EDGE SET IN AVG EDGE: 82438
[Unary] Calculating class metrics.unary.Comp
[Unary] Calculating TMH
[Unary] Calculating Timestep: 42
[Unary] Calculating class metrics.unary.NumberOfEQClasses
[Unary] Calculating class metrics.unary.AvgSizeOfEQClass
[Unary] Calculating class metrics.unary.AvgNumberOfEdges
EDGE SET IN AVG EDGE: 82502
[Unary] Calculating class metrics.unary.Comp
[Unary] Calculating TMH
[Unary] Calculating Timestep: 43
[Unary] Calculating class metrics.unary.NumberOfEQClasses
[Unary] Calculating class metrics.unary.AvgSizeOfEQClass
[Unary] Calculating class metrics.unary.AvgNumberOfEdges
EDGE SET IN AVG EDGE: 83378
[Unary] Calculating class metrics.unary.Comp
[Unary] Calculating TMH
[Unary] Calculating Timestep: 44
[Unary] Calculating class metrics.unary.NumberOfEQClasses
[Unary] Calculating class metrics.unary.AvgSizeOfEQClass
[Unary] Calculating class metrics.unary.AvgNumberOfEdges
EDGE SET IN AVG EDGE: 95258
[Unary] Calculating class metrics.unary.Comp
[Unary] Calculating TMH
[Unary] Calculating Timestep: 45
[Unary] Calculating class metrics.unary.NumberOfEQClasses
[Unary] Calculating class metrics.unary.AvgSizeOfEQClass
[Unary] Calculating class metrics.unary.AvgNumberOfEdges
EDGE SET IN AVG EDGE: 86097
[Unary] Calculating class metrics.unary.Comp
[Unary] Calculating TMH
[Unary] Calculating Timestep: 46
[Unary] Calculating class metrics.unary.NumberOfEQClasses
[Unary] Calculating class metrics.unary.AvgSizeOfEQClass
[Unary] Calculating class metrics.unary.AvgNumberOfEdges
EDGE SET IN AVG EDGE: 91908
[Unary] Calculating class metrics.unary.Comp
[Unary] Calculating TMH
[Unary] Calculating Timestep: 47
[Unary] Calculating class metrics.unary.NumberOfEQClasses
[Unary] Calculating class metrics.unary.AvgSizeOfEQClass
[Unary] Calculating class metrics.unary.AvgNumberOfEdges
EDGE SET IN AVG EDGE: 87851
[Unary] Calculating class metrics.unary.Comp
[Unary] Calculating TMH
[Unary] Calculating Timestep: 48
[Unary] Calculating class metrics.unary.NumberOfEQClasses
[Unary] Calculating class metrics.unary.AvgSizeOfEQClass
[Unary] Calculating class metrics.unary.AvgNumberOfEdges
EDGE SET IN AVG EDGE: 92831
[Unary] Calculating class metrics.unary.Comp
[Unary] Calculating TMH
[Unary] Calculating Timestep: 49
[Unary] Calculating class metrics.unary.NumberOfEQClasses
[Unary] Calculating class metrics.unary.AvgSizeOfEQClass
[Unary] Calculating class metrics.unary.AvgNumberOfEdges
EDGE SET IN AVG EDGE: 90031
[Unary] Calculating class metrics.unary.Comp
[Unary] Calculating TMH
[Binary] Calculating Timestep: 1
[Binary] Calculating class metrics.binary.EdgeJaccard
[Binary] Calculating class metrics.binary.VertexJaccard
[Binary] Calculating class metrics.binary.GED
[Binary] Calculating class metrics.binary.KLD
[Binary] Calculating Timestep: 2
[Binary] Calculating class metrics.binary.EdgeJaccard
[Binary] Calculating class metrics.binary.VertexJaccard
[Binary] Calculating class metrics.binary.GED
[Binary] Calculating class metrics.binary.KLD
[Binary] Calculating Timestep: 3
[Binary] Calculating class metrics.binary.EdgeJaccard
[Binary] Calculating class metrics.binary.VertexJaccard
[Binary] Calculating class metrics.binary.GED
[Binary] Calculating class metrics.binary.KLD
[Binary] Calculating Timestep: 4
[Binary] Calculating class metrics.binary.EdgeJaccard
[Binary] Calculating class metrics.binary.VertexJaccard
[Binary] Calculating class metrics.binary.GED
[Binary] Calculating class metrics.binary.KLD
[Binary] Calculating Timestep: 5
[Binary] Calculating class metrics.binary.EdgeJaccard
[Binary] Calculating class metrics.binary.VertexJaccard
[Binary] Calculating class metrics.binary.GED
[Binary] Calculating class metrics.binary.KLD
[Binary] Calculating Timestep: 6
[Binary] Calculating class metrics.binary.EdgeJaccard
[Binary] Calculating class metrics.binary.VertexJaccard
[Binary] Calculating class metrics.binary.GED
[Binary] Calculating class metrics.binary.KLD
[Binary] Calculating Timestep: 7
[Binary] Calculating class metrics.binary.EdgeJaccard
[Binary] Calculating class metrics.binary.VertexJaccard
[Binary] Calculating class metrics.binary.GED
[Binary] Calculating class metrics.binary.KLD
[Binary] Calculating Timestep: 8
[Binary] Calculating class metrics.binary.EdgeJaccard
[Binary] Calculating class metrics.binary.VertexJaccard
[Binary] Calculating class metrics.binary.GED
[Binary] Calculating class metrics.binary.KLD
[Binary] Calculating Timestep: 9
[Binary] Calculating class metrics.binary.EdgeJaccard
[Binary] Calculating class metrics.binary.VertexJaccard
[Binary] Calculating class metrics.binary.GED
[Binary] Calculating class metrics.binary.KLD
[Binary] Calculating Timestep: 10
[Binary] Calculating class metrics.binary.EdgeJaccard
[Binary] Calculating class metrics.binary.VertexJaccard
[Binary] Calculating class metrics.binary.GED
[Binary] Calculating class metrics.binary.KLD
[Binary] Calculating Timestep: 11
[Binary] Calculating class metrics.binary.EdgeJaccard
[Binary] Calculating class metrics.binary.VertexJaccard
[Binary] Calculating class metrics.binary.GED
[Binary] Calculating class metrics.binary.KLD
[Binary] Calculating Timestep: 12
[Binary] Calculating class metrics.binary.EdgeJaccard
[Binary] Calculating class metrics.binary.VertexJaccard
[Binary] Calculating class metrics.binary.GED
[Binary] Calculating class metrics.binary.KLD
[Binary] Calculating Timestep: 13
[Binary] Calculating class metrics.binary.EdgeJaccard
[Binary] Calculating class metrics.binary.VertexJaccard
[Binary] Calculating class metrics.binary.GED
[Binary] Calculating class metrics.binary.KLD
[Binary] Calculating Timestep: 14
[Binary] Calculating class metrics.binary.EdgeJaccard
[Binary] Calculating class metrics.binary.VertexJaccard
[Binary] Calculating class metrics.binary.GED
[Binary] Calculating class metrics.binary.KLD
[Binary] Calculating Timestep: 15
[Binary] Calculating class metrics.binary.EdgeJaccard
[Binary] Calculating class metrics.binary.VertexJaccard
[Binary] Calculating class metrics.binary.GED
[Binary] Calculating class metrics.binary.KLD
[Binary] Calculating Timestep: 16
[Binary] Calculating class metrics.binary.EdgeJaccard
[Binary] Calculating class metrics.binary.VertexJaccard
[Binary] Calculating class metrics.binary.GED
[Binary] Calculating class metrics.binary.KLD
[Binary] Calculating Timestep: 17
[Binary] Calculating class metrics.binary.EdgeJaccard
[Binary] Calculating class metrics.binary.VertexJaccard
[Binary] Calculating class metrics.binary.GED
[Binary] Calculating class metrics.binary.KLD
[Binary] Calculating Timestep: 18
[Binary] Calculating class metrics.binary.EdgeJaccard
[Binary] Calculating class metrics.binary.VertexJaccard
[Binary] Calculating class metrics.binary.GED
[Binary] Calculating class metrics.binary.KLD
[Binary] Calculating Timestep: 19
[Binary] Calculating class metrics.binary.EdgeJaccard
[Binary] Calculating class metrics.binary.VertexJaccard
[Binary] Calculating class metrics.binary.GED
[Binary] Calculating class metrics.binary.KLD
[Binary] Calculating Timestep: 20
[Binary] Calculating class metrics.binary.EdgeJaccard
[Binary] Calculating class metrics.binary.VertexJaccard
[Binary] Calculating class metrics.binary.GED
[Binary] Calculating class metrics.binary.KLD
[Binary] Calculating Timestep: 21
[Binary] Calculating class metrics.binary.EdgeJaccard
[Binary] Calculating class metrics.binary.VertexJaccard
[Binary] Calculating class metrics.binary.GED
[Binary] Calculating class metrics.binary.KLD
[Binary] Calculating Timestep: 22
[Binary] Calculating class metrics.binary.EdgeJaccard
[Binary] Calculating class metrics.binary.VertexJaccard
[Binary] Calculating class metrics.binary.GED
[Binary] Calculating class metrics.binary.KLD
[Binary] Calculating Timestep: 23
[Binary] Calculating class metrics.binary.EdgeJaccard
[Binary] Calculating class metrics.binary.VertexJaccard
[Binary] Calculating class metrics.binary.GED
[Binary] Calculating class metrics.binary.KLD
[Binary] Calculating Timestep: 24
[Binary] Calculating class metrics.binary.EdgeJaccard
[Binary] Calculating class metrics.binary.VertexJaccard
[Binary] Calculating class metrics.binary.GED
[Binary] Calculating class metrics.binary.KLD
[Binary] Calculating Timestep: 25
[Binary] Calculating class metrics.binary.EdgeJaccard
[Binary] Calculating class metrics.binary.VertexJaccard
[Binary] Calculating class metrics.binary.GED
[Binary] Calculating class metrics.binary.KLD
[Binary] Calculating Timestep: 26
[Binary] Calculating class metrics.binary.EdgeJaccard
[Binary] Calculating class metrics.binary.VertexJaccard
[Binary] Calculating class metrics.binary.GED
[Binary] Calculating class metrics.binary.KLD
[Binary] Calculating Timestep: 27
[Binary] Calculating class metrics.binary.EdgeJaccard
[Binary] Calculating class metrics.binary.VertexJaccard
[Binary] Calculating class metrics.binary.GED
[Binary] Calculating class metrics.binary.KLD
[Binary] Calculating Timestep: 28
[Binary] Calculating class metrics.binary.EdgeJaccard
[Binary] Calculating class metrics.binary.VertexJaccard
[Binary] Calculating class metrics.binary.GED
[Binary] Calculating class metrics.binary.KLD
[Binary] Calculating Timestep: 29
[Binary] Calculating class metrics.binary.EdgeJaccard
[Binary] Calculating class metrics.binary.VertexJaccard
[Binary] Calculating class metrics.binary.GED
[Binary] Calculating class metrics.binary.KLD
[Binary] Calculating Timestep: 30
[Binary] Calculating class metrics.binary.EdgeJaccard
[Binary] Calculating class metrics.binary.VertexJaccard
[Binary] Calculating class metrics.binary.GED
[Binary] Calculating class metrics.binary.KLD
[Binary] Calculating Timestep: 31
[Binary] Calculating class metrics.binary.EdgeJaccard
[Binary] Calculating class metrics.binary.VertexJaccard
[Binary] Calculating class metrics.binary.GED
[Binary] Calculating class metrics.binary.KLD
[Binary] Calculating Timestep: 32
[Binary] Calculating class metrics.binary.EdgeJaccard
[Binary] Calculating class metrics.binary.VertexJaccard
[Binary] Calculating class metrics.binary.GED
[Binary] Calculating class metrics.binary.KLD
[Binary] Calculating Timestep: 33
[Binary] Calculating class metrics.binary.EdgeJaccard
[Binary] Calculating class metrics.binary.VertexJaccard
[Binary] Calculating class metrics.binary.GED
[Binary] Calculating class metrics.binary.KLD
[Binary] Calculating Timestep: 34
[Binary] Calculating class metrics.binary.EdgeJaccard
[Binary] Calculating class metrics.binary.VertexJaccard
[Binary] Calculating class metrics.binary.GED
[Binary] Calculating class metrics.binary.KLD
[Binary] Calculating Timestep: 35
[Binary] Calculating class metrics.binary.EdgeJaccard
[Binary] Calculating class metrics.binary.VertexJaccard
[Binary] Calculating class metrics.binary.GED
[Binary] Calculating class metrics.binary.KLD
[Binary] Calculating Timestep: 36
[Binary] Calculating class metrics.binary.EdgeJaccard
[Binary] Calculating class metrics.binary.VertexJaccard
[Binary] Calculating class metrics.binary.GED
[Binary] Calculating class metrics.binary.KLD
[Binary] Calculating Timestep: 37
[Binary] Calculating class metrics.binary.EdgeJaccard
[Binary] Calculating class metrics.binary.VertexJaccard
[Binary] Calculating class metrics.binary.GED
[Binary] Calculating class metrics.binary.KLD
[Binary] Calculating Timestep: 38
[Binary] Calculating class metrics.binary.EdgeJaccard
[Binary] Calculating class metrics.binary.VertexJaccard
[Binary] Calculating class metrics.binary.GED
[Binary] Calculating class metrics.binary.KLD
[Binary] Calculating Timestep: 39
[Binary] Calculating class metrics.binary.EdgeJaccard
[Binary] Calculating class metrics.binary.VertexJaccard
[Binary] Calculating class metrics.binary.GED
[Binary] Calculating class metrics.binary.KLD
[Binary] Calculating Timestep: 40
[Binary] Calculating class metrics.binary.EdgeJaccard
[Binary] Calculating class metrics.binary.VertexJaccard
[Binary] Calculating class metrics.binary.GED
[Binary] Calculating class metrics.binary.KLD
[Binary] Calculating Timestep: 41
[Binary] Calculating class metrics.binary.EdgeJaccard
[Binary] Calculating class metrics.binary.VertexJaccard
[Binary] Calculating class metrics.binary.GED
[Binary] Calculating class metrics.binary.KLD
[Binary] Calculating Timestep: 42
[Binary] Calculating class metrics.binary.EdgeJaccard
[Binary] Calculating class metrics.binary.VertexJaccard
[Binary] Calculating class metrics.binary.GED
[Binary] Calculating class metrics.binary.KLD
[Binary] Calculating Timestep: 43
[Binary] Calculating class metrics.binary.EdgeJaccard
[Binary] Calculating class metrics.binary.VertexJaccard
[Binary] Calculating class metrics.binary.GED
[Binary] Calculating class metrics.binary.KLD
[Binary] Calculating Timestep: 44
[Binary] Calculating class metrics.binary.EdgeJaccard
[Binary] Calculating class metrics.binary.VertexJaccard
[Binary] Calculating class metrics.binary.GED
[Binary] Calculating class metrics.binary.KLD
[Binary] Calculating Timestep: 45
[Binary] Calculating class metrics.binary.EdgeJaccard
[Binary] Calculating class metrics.binary.VertexJaccard
[Binary] Calculating class metrics.binary.GED
[Binary] Calculating class metrics.binary.KLD
[Binary] Calculating Timestep: 46
[Binary] Calculating class metrics.binary.EdgeJaccard
[Binary] Calculating class metrics.binary.VertexJaccard
[Binary] Calculating class metrics.binary.GED
[Binary] Calculating class metrics.binary.KLD
[Binary] Calculating Timestep: 47
[Binary] Calculating class metrics.binary.EdgeJaccard
[Binary] Calculating class metrics.binary.VertexJaccard
[Binary] Calculating class metrics.binary.GED
[Binary] Calculating class metrics.binary.KLD
[Binary] Calculating Timestep: 48
[Binary] Calculating class metrics.binary.EdgeJaccard
[Binary] Calculating class metrics.binary.VertexJaccard
[Binary] Calculating class metrics.binary.GED
[Binary] Calculating class metrics.binary.KLD
[Binary] Calculating Timestep: 49
[Binary] Calculating class metrics.binary.EdgeJaccard
[Binary] Calculating class metrics.binary.VertexJaccard
[Binary] Calculating class metrics.binary.GED
[Binary] Calculating class metrics.binary.KLD

BUILD SUCCESSFUL in 36m 5s
3 actionable tasks: 2 executed, 1 up-to-date
